Execution log for request f79d6d71-281b-4f6f-b9e3-726306189ff1
Mon Sep 04 17:55:37 UTC 2023 : Starting execution for request: f79d6d71-281b-4f6f-b9e3-726306189ff1
Mon Sep 04 17:55:37 UTC 2023 : HTTP Method: POST, Resource Path: /index
Mon Sep 04 17:55:37 UTC 2023 : Method request path: {}
Mon Sep 04 17:55:37 UTC 2023 : Method request query string: {}
Mon Sep 04 17:55:37 UTC 2023 : Method request headers: {}
Mon Sep 04 17:55:37 UTC 2023 : Method request body before transformations:
Mon Sep 04 17:55:37 UTC 2023 : Request parameter overrides:
Add fileName: f79d6d71-281b-4f6f-b9e3-726306189ff1.json
Mon Sep 04 17:55:37 UTC 2023 : Execution failed: URI/URL syntax error encountered in signing process
Mon Sep 04 17:55:37 UTC 2023 : Endpoint request URI: https://s3-external-1.amazonaws.com/{bucket}/f79d6d71-281b-4f6f-b9e3-726306189ff1.json
Mon Sep 04 17:55:37 UTC 2023 : Endpoint request headers: {
          x-amzn-apigateway-api-id=x2kez6e2yl,
          Accept=application/json,
          User-Agent=AmazonAPIGateway_x2kez6e2yl,
          X-Amzn-Trace-Id=Root=1-64f61a19-b55e149cfeb5be87db7562f0,
          Content-Type=application/json
          }
Mon Sep 04 17:55:37 UTC 2023 : Endpoint request body after transformations: {}
Mon Sep 04 17:55:37 UTC 2023 : Sending request to https://s3-external-1.amazonaws.com/{bucket}/f79d6d71-281b-4f6f-b9e3-726306189ff1.json
Mon Sep 04 17:55:37 UTC 2023 : Execution failed due to configuration error:
  Illegal character in path at index 36: https://s3-external-1.amazonaws.com/{bucket}/f79d6d71-281b-4f6f-b9e3-726306189ff1.json
Mon Sep 04 17:55:37 UTC 2023 : Method completed with status: 500
